<?xml version="1.0" encoding="UTF-8"?>
<!-- Generated by org.testng.reporters.JUnitReportReporter -->
<testsuite hostname="Milan-PC" failures="0" tests="1" name="com.rest.TestAPI" time="4.323" errors="0" timestamp="25 Oct 2020 07:59:05 GMT">
  <testcase classname="com.rest.TestAPI" name="getStatuscode" time="4.323"/>
</testsuite> <!-- com.rest.TestAPI -->
