<?xml version="1.0" encoding="UTF-8"?>
<!-- Generated by org.testng.reporters.JUnitReportReporter -->
<testsuite hostname="Milan-PC" failures="0" tests="3" name="com.qa.test.DemoTest" time="0.033" errors="0" timestamp="21 Oct 2020 11:27:40 GMT">
  <testcase classname="com.qa.test.DemoTest" name="Sum" time="0.003"/>
  <testcase classname="com.qa.test.DemoTest" name="Mul" time="0.025"/>
  <testcase classname="com.qa.test.DemoTest" name="Sub" time="0.005"/>
</testsuite> <!-- com.qa.test.DemoTest -->
