<?xml version="1.0" encoding="UTF-8"?>
<!-- Generated by org.testng.reporters.JUnitReportReporter -->
<testsuite hostname="Milan-PC" failures="0" tests="1" name="com.proj2.ValidateResBody" time="9.718" errors="0" timestamp="27 Oct 2020 15:10:14 GMT">
  <testcase classname="com.proj2.ValidateResBody" name="getWeatherDetail" time="9.718"/>
</testsuite> <!-- com.proj2.ValidateResBody -->
