<?xml version="1.0" encoding="UTF-8"?>
<!-- Generated by org.testng.reporters.JUnitReportReporter -->
<testsuite hostname="Milan-PC" failures="0" tests="1" name="com.proj2.PostTestCase" time="7.737" errors="0" timestamp="27 Oct 2020 13:43:14 GMT">
  <testcase classname="com.proj2.PostTestCase" name="RegistrationSuccessful" time="7.737"/>
</testsuite> <!-- com.proj2.PostTestCase -->
