<?xml version="1.0" encoding="UTF-8"?>
<!-- Generated by org.testng.reporters.JUnitReportReporter -->
<testsuite hostname="Milan-PC" failures="0" tests="1" name="com.proj2.TestCase2" time="4.802" errors="0" timestamp="27 Oct 2020 14:15:00 GMT">
  <testcase classname="com.proj2.TestCase2" name="getWeatherDetail" time="4.802"/>
</testsuite> <!-- com.proj2.TestCase2 -->
