<?xml version="1.0" encoding="UTF-8"?>
<!-- Generated by org.testng.reporters.JUnitReportReporter -->
<testsuite hostname="Milan-PC" failures="0" tests="1" name="com.proj2.TestCase1" time="5.472" errors="0" timestamp="27 Oct 2020 13:42:27 GMT">
  <testcase classname="com.proj2.TestCase1" name="getWeatherDetail" time="5.472"/>
</testsuite> <!-- com.proj2.TestCase1 -->
