<?xml version="1.0" encoding="UTF-8"?>
<!-- Generated by org.testng.reporters.JUnitReportReporter -->
<testsuite hostname="Milan-PC" failures="0" tests="1" name="ExceptionTimeOutTest" time="0.023" errors="0" timestamp="20 Oct 2020 04:12:04 GMT" skipped="0">
  <testcase classname="ExceptionTimeOutTest" name="test" time="0.023"/>
</testsuite> <!-- ExceptionTimeOutTest -->
