<?xml version="1.0" encoding="UTF-8"?>
<!-- Generated by org.testng.reporters.JUnitReportReporter -->
<testsuite hostname="Milan-PC" failures="0" tests="10" name="InvocationTest" time="0.048" errors="0" timestamp="20 Oct 2020 03:36:53 GMT" skipped="0">
  <testcase classname="InvocationTest" name="sum" time="0.003"/>
  <testcase classname="InvocationTest" name="sum" time="0.006"/>
  <testcase classname="InvocationTest" name="sum" time="0.003"/>
  <testcase classname="InvocationTest" name="sum" time="0.003"/>
  <testcase classname="InvocationTest" name="sum" time="0.003"/>
  <testcase classname="InvocationTest" name="sum" time="0.002"/>
  <testcase classname="InvocationTest" name="sum" time="0.004"/>
  <testcase classname="InvocationTest" name="sum" time="0.002"/>
  <testcase classname="InvocationTest" name="sum" time="0.019"/>
  <testcase classname="InvocationTest" name="sum" time="0.003"/>
</testsuite> <!-- InvocationTest -->
