<?xml version="1.0" encoding="UTF-8"?>
<!-- Generated by org.testng.reporters.JUnitReportReporter -->
<testsuite hostname="Milan-PC" failures="0" tests="4" name="TestNGFeat" time="0.031" errors="0" timestamp="20 Oct 2020 03:35:39 GMT" skipped="0">
  <testcase classname="TestNGFeat" name="HomePage" time="0.003"/>
  <testcase classname="TestNGFeat" name="AboutUs" time="0.003"/>
  <testcase classname="TestNGFeat" name="ContactUs" time="0.004"/>
  <testcase classname="TestNGFeat" name="logintest" time="0.021"/>
</testsuite> <!-- TestNGFeat -->
