<?xml version="1.0" encoding="UTF-8"?>
<!-- Generated by org.testng.reporters.JUnitReportReporter -->
<testsuite hostname="Milan-PC" failures="0" tests="1" name="TestNG" time="0.009" errors="0" timestamp="19 Oct 2020 18:23:48 GMT" skipped="0">
  <testcase classname="TestNG" name="googletitletest" time="0.009"/>
</testsuite> <!-- TestNG -->
